<?xml version="1.0" encoding="UTF-8"?>
<!-- Generated by org.testng.reporters.JUnitXMLReporter -->
<testsuite ignored="0" hostname="DESKTOP-JQEASTQ" failures="1" tests="10" name="Test" time="0.162" errors="0" timestamp="2022-02-06T20:15:03 IST">
  <testcase classname="TestCases.listenertest" name="test1" time="0.018"/>
  <testcase classname="TestCases.listenertest" name="test10" time="0.003">
    <skipped/>
  </testcase> <!-- test10 -->
  <testcase classname="TestCases.listenertest" name="test2" time="0.002"/>
  <testcase classname="TestCases.listenertest" name="test3" time="0.003"/>
  <testcase classname="TestCases.listenertest" name="test4" time="0.002"/>
  <testcase classname="TestCases.listenertest" name="test5" time="0.003"/>
  <testcase classname="TestCases.listenertest" name="test6" time="0.002"/>
  <testcase classname="TestCases.listenertest" name="test7" time="0.003"/>
  <testcase classname="TestCases.listenertest" name="test8" time="0.002"/>
  <testcase classname="TestCases.listenertest" name="test9" time="0.004">
    <failure type="java.lang.AssertionError" message="expected [B] but found [A]">
      <![CDATA[java.lang.AssertionError: expected [B] but found [A]
at TestCases.listenertest.test9(listenertest.java:81)
at java.base/java.util.ArrayList.forEach(ArrayList.java:1511)
... Removed 33 stack frames]]>
    </failure>
  </testcase> <!-- test9 -->
</testsuite> <!-- Test -->
